Determining if the pthread_create exist failed with the following output:
Change Dir: /home/luis/CLionProjects/OpenGL/cmake-build-debug/CMakeFiles/CMakeTmp

Run Build Command:"/usr/bin/make" "cmTC_6d9d5/fast"
/usr/bin/make -f CMakeFiles/cmTC_6d9d5.dir/build.make CMakeFiles/cmTC_6d9d5.dir/build
make[1]: Entering directory '/home/luis/CLionProjects/OpenGL/cmake-build-debug/CMakeFiles/CMakeTmp'
Building C object CMakeFiles/cmTC_6d9d5.dir/CheckSymbolExists.c.o
/usr/bin/cc    -o CMakeFiles/cmTC_6d9d5.dir/CheckSymbolExists.c.o   -c /home/luis/CLionProjects/OpenGL/cmake-build-debug/CMakeFiles/CMakeTmp/CheckSymbolExists.c
Linking C executable cmTC_6d9d5
/home/luis/Software/clion-2018.3.2/bin/cmake/linux/bin/cmake -E cmake_link_script CMakeFiles/cmTC_6d9d5.dir/link.txt --verbose=1
/usr/bin/cc      -rdynamic CMakeFiles/cmTC_6d9d5.dir/CheckSymbolExists.c.o  -o cmTC_6d9d5 
CMakeFiles/cmTC_6d9d5.dir/CheckSymbolExists.c.o: In function `main':
CheckSymbolExists.c:(.text+0x1b): undefined reference to `pthread_create'
collect2: error: ld returned 1 exit status
CMakeFiles/cmTC_6d9d5.dir/build.make:86: recipe for target 'cmTC_6d9d5' failed
make[1]: *** [cmTC_6d9d5] Error 1
make[1]: Leaving directory '/home/luis/CLionProjects/OpenGL/cmake-build-debug/CMakeFiles/CMakeTmp'
Makefile:121: recipe for target 'cmTC_6d9d5/fast' failed
make: *** [cmTC_6d9d5/fast] Error 2

File /home/luis/CLionProjects/OpenGL/cmake-build-debug/CMakeFiles/CMakeTmp/CheckSymbolExists.c:
/* */
#include <pthread.h>

int main(int argc, char** argv)
{
  (void)argv;
#ifndef pthread_create
  return ((int*)(&pthread_create))[argc];
#else
  (void)argc;
  return 0;
#endif
}

Determining if the function pthread_create exists in the pthreads failed with the following output:
Change Dir: /home/luis/CLionProjects/OpenGL/cmake-build-debug/CMakeFiles/CMakeTmp

Run Build Command:"/usr/bin/make" "cmTC_a0bb3/fast"
/usr/bin/make -f CMakeFiles/cmTC_a0bb3.dir/build.make CMakeFiles/cmTC_a0bb3.dir/build
make[1]: Entering directory '/home/luis/CLionProjects/OpenGL/cmake-build-debug/CMakeFiles/CMakeTmp'
Building C object CMakeFiles/cmTC_a0bb3.dir/CheckFunctionExists.c.o
/usr/bin/cc   -DCHECK_FUNCTION_EXISTS=pthread_create   -o CMakeFiles/cmTC_a0bb3.dir/CheckFunctionExists.c.o   -c /home/luis/Software/clion-2018.3.2/bin/cmake/linux/share/cmake-3.13/Modules/CheckFunctionExists.c
Linking C executable cmTC_a0bb3
/home/luis/Software/clion-2018.3.2/bin/cmake/linux/bin/cmake -E cmake_link_script CMakeFiles/cmTC_a0bb3.dir/link.txt --verbose=1
/usr/bin/cc  -DCHECK_FUNCTION_EXISTS=pthread_create    -rdynamic CMakeFiles/cmTC_a0bb3.dir/CheckFunctionExists.c.o  -o cmTC_a0bb3 -lpthreads 
/usr/bin/ld: cannot find -lpthreads
collect2: error: ld returned 1 exit status
CMakeFiles/cmTC_a0bb3.dir/build.make:86: recipe for target 'cmTC_a0bb3' failed
make[1]: *** [cmTC_a0bb3] Error 1
make[1]: Leaving directory '/home/luis/CLionProjects/OpenGL/cmake-build-debug/CMakeFiles/CMakeTmp'
Makefile:121: recipe for target 'cmTC_a0bb3/fast' failed
make: *** [cmTC_a0bb3/fast] Error 2


