Determining if the pthread_create exist failed with the following output:
Change Dir: /home/luis/CLionProjects/OpenGL/build/CMakeFiles/CMakeTmp

Run Build Command:"/usr/bin/make" "cmTC_49958/fast"
/usr/bin/make -f CMakeFiles/cmTC_49958.dir/build.make CMakeFiles/cmTC_49958.dir/build
make[1]: Entering directory '/home/luis/CLionProjects/OpenGL/build/CMakeFiles/CMakeTmp'
Building C object CMakeFiles/cmTC_49958.dir/CheckSymbolExists.c.o
/usr/bin/cc    -o CMakeFiles/cmTC_49958.dir/CheckSymbolExists.c.o   -c /home/luis/CLionProjects/OpenGL/build/CMakeFiles/CMakeTmp/CheckSymbolExists.c
Linking C executable cmTC_49958
/usr/bin/cmake -E cmake_link_script CMakeFiles/cmTC_49958.dir/link.txt --verbose=1
/usr/bin/cc      -rdynamic CMakeFiles/cmTC_49958.dir/CheckSymbolExists.c.o  -o cmTC_49958 
CMakeFiles/cmTC_49958.dir/CheckSymbolExists.c.o: In function `main':
CheckSymbolExists.c:(.text+0x1b): undefined reference to `pthread_create'
collect2: error: ld returned 1 exit status
CMakeFiles/cmTC_49958.dir/build.make:97: recipe for target 'cmTC_49958' failed
make[1]: *** [cmTC_49958] Error 1
make[1]: Leaving directory '/home/luis/CLionProjects/OpenGL/build/CMakeFiles/CMakeTmp'
Makefile:126: recipe for target 'cmTC_49958/fast' failed
make: *** [cmTC_49958/fast] Error 2

File /home/luis/CLionProjects/OpenGL/build/CMakeFiles/CMakeTmp/CheckSymbolExists.c:
/* */
#include <pthread.h>

int main(int argc, char** argv)
{
  (void)argv;
#ifndef pthread_create
  return ((int*)(&pthread_create))[argc];
#else
  (void)argc;
  return 0;
#endif
}

Determining if the function pthread_create exists in the pthreads failed with the following output:
Change Dir: /home/luis/CLionProjects/OpenGL/build/CMakeFiles/CMakeTmp

Run Build Command:"/usr/bin/make" "cmTC_fdcb9/fast"
/usr/bin/make -f CMakeFiles/cmTC_fdcb9.dir/build.make CMakeFiles/cmTC_fdcb9.dir/build
make[1]: Entering directory '/home/luis/CLionProjects/OpenGL/build/CMakeFiles/CMakeTmp'
Building C object CMakeFiles/cmTC_fdcb9.dir/CheckFunctionExists.c.o
/usr/bin/cc   -DCHECK_FUNCTION_EXISTS=pthread_create   -o CMakeFiles/cmTC_fdcb9.dir/CheckFunctionExists.c.o   -c /usr/share/cmake-3.10/Modules/CheckFunctionExists.c
Linking C executable cmTC_fdcb9
/usr/bin/cmake -E cmake_link_script CMakeFiles/cmTC_fdcb9.dir/link.txt --verbose=1
/usr/bin/cc  -DCHECK_FUNCTION_EXISTS=pthread_create    -rdynamic CMakeFiles/cmTC_fdcb9.dir/CheckFunctionExists.c.o  -o cmTC_fdcb9 -lpthreads 
/usr/bin/ld: cannot find -lpthreads
collect2: error: ld returned 1 exit status
CMakeFiles/cmTC_fdcb9.dir/build.make:97: recipe for target 'cmTC_fdcb9' failed
make[1]: *** [cmTC_fdcb9] Error 1
make[1]: Leaving directory '/home/luis/CLionProjects/OpenGL/build/CMakeFiles/CMakeTmp'
Makefile:126: recipe for target 'cmTC_fdcb9/fast' failed
make: *** [cmTC_fdcb9/fast] Error 2


